#
# A fatal error has been detected by the Java Runtime Environment:
#
#  EXCEPTION_ACCESS_VIOLATION (0xc0000005) at pc=0x00007ff86796232e, pid=17192, tid=13128
#
# JRE version:  (19.0.2+7) (build )
# Java VM: Java HotSpot(TM) 64-Bit Server VM (19.0.2+7-44, mixed mode, sharing, tiered, compressed oops, compressed class ptrs, g1 gc, windows-amd64)
# Problematic frame:
# V  [jvm.dll+0x31232e]
#
# No core dump will be written. Minidumps are not enabled by default on client versions of Windows
#
#

---------------  S U M M A R Y ------------

Command Line: -Dorg.gradle.appname=gradle org.gradle.launcher.GradleMain -v

Host: Intel(R) Core(TM) i7-7700HQ CPU @ 2.80GHz, 8 cores, 15G,  Windows 10 , 64 bit Build 19041 (10.0.19041.2546)
Time: Thu Mar 16 18:35:17 2023 ora solare Europa occidentale elapsed time: 0.023223 seconds (0d 0h 0m 0s)

---------------  T H R E A D  ---------------

Current thread (0x000001d49c6d0c40):  JavaThread "Unknown thread" [_thread_in_vm, id=13128, stack(0x0000008581f00000,0x0000008582000000)]

Stack: [0x0000008581f00000,0x0000008582000000],  sp=0x0000008581ffed40,  free space=1019k
Native frames: (J=compiled Java code, j=interpreted, Vv=VM code, C=native code)
V  [jvm.dll+0x31232e]
V  [jvm.dll+0x312b04]
V  [jvm.dll+0x699906]
V  [jvm.dll+0x699b31]
V  [jvm.dll+0x698fcd]
V  [jvm.dll+0x694476]
V  [jvm.dll+0x8217b4]
V  [jvm.dll+0x3c2661]
V  [jvm.dll+0x801f51]
V  [jvm.dll+0x44ae8f]
V  [jvm.dll+0x44c811]
C  [jli.dll+0x5287]
C  [ucrtbase.dll+0x21bb2]
C  [KERNEL32.DLL+0x17614]
C  [ntdll.dll+0x526a1]


siginfo: EXCEPTION_ACCESS_VIOLATION (0xc0000005), reading address 0x0000000000000000


Registers:
RAX=0x00006a0f1c9dc142, RBX=0x0000000000000000, RCX=0x0000000000000000, RDX=0x00007ff867fdc201
RSP=0x0000008581ffed40, RBP=0x0000000000000001, RSI=0x0000000800b104b0, RDI=0x0000000000000000
R8 =0x0000000000000001, R9 =0x0000000000000001, R10=0x0000000000000000, R11=0x0000000000000246
R12=0x0000000000000001, R13=0x000001d49c4b3120, R14=0x0000000000000001, R15=0x0000000800000000
RIP=0x00007ff86796232e, EFLAGS=0x0000000000010246


Top of Stack: (sp=0x0000008581ffed40)
0x0000008581ffed40:   00006a0f1c9dc082 00007ff9105f67ce
0x0000008581ffed50:   0000000000010000 0000000000000000
0x0000008581ffed60:   0000000800470000 00007ff8679605af
0x0000008581ffed70:   000001d49c78b730 000001d4b96f7970
0x0000008581ffed80:   00006a0f1c9dc0b2 00007ff9105f2ad2
0x0000008581ffed90:   00006a0f1c9dc142 000001d49c78b730
0x0000008581ffeda0:   0000000000000000 00007ff867962b04
0x0000008581ffedb0:   0000000000000000 0000000000000000
0x0000008581ffedc0:   000001d49c78b730 0000000000000000
0x0000008581ffedd0:   0000000800b104a8 0000000800000001
0x0000008581ffede0:   0000008581ffef80 0000008581ffefb8
0x0000008581ffedf0:   0000000801000000 00007ff910bdf000
0x0000008581ffee00:   0000008581ffef00 0000000800000000
0x0000008581ffee10:   00006a0f1c9dc1b2 000001d49c4b3120
0x0000008581ffee20:   0000000000000000 000001d49c78b730
0x0000008581ffee30:   0000008581ffef40 0000000800000000 

Instructions: (pc=0x00007ff86796232e)
0x00007ff86796222e:   7e 80 67 00 e8 99 07 f7 ff 48 8b 0d 02 2f 8b 00
0x00007ff86796223e:   48 85 c9 74 22 44 0f b6 83 41 02 00 00 48 8d 0d
0x00007ff86796224e:   0e b3 67 00 0f b6 93 40 02 00 00 e8 d2 2f db ff
0x00007ff86796225e:   48 8b 0d db 2e 8b 00 0f b6 05 da 5f 8c 00 38 83
0x00007ff86796226e:   40 02 00 00 75 60 0f b6 05 cc 5f 8c 00 38 83 41
0x00007ff86796227e:   02 00 00 75 51 80 bb 99 03 00 00 00 75 1f c6 05
0x00007ff86796228e:   2d 21 86 00 00 48 85 c9 74 13 48 8d 0d c1 b3 67
0x00007ff86796229e:   00 e8 8c 2f db ff 48 8b 0d 95 2e 8b 00 80 bb 9a
0x00007ff8679622ae:   03 00 00 00 75 18 c6 05 06 21 86 00 00 48 85 c9
0x00007ff8679622be:   74 0c 48 8d 0d 09 b4 67 00 e8 64 2f db ff b0 01
0x00007ff8679622ce:   48 83 c4 20 5b c3 48 8d 0d e5 b2 67 00 e8 30 d2
0x00007ff8679622de:   ff ff 32 c0 48 83 c4 20 5b c3 cc cc cc cc cc cc
0x00007ff8679622ee:   cc cc 48 89 5c 24 10 48 89 6c 24 18 48 89 74 24
0x00007ff8679622fe:   20 57 48 83 ec 60 48 8b 05 a5 68 88 00 48 33 c4
0x00007ff86796230e:   48 89 44 24 50 80 3d e6 82 84 00 00 0f b6 ea 48
0x00007ff86796231e:   8b f1 74 17 80 39 00 75 12 48 8b 0d 02 97 8b 00
0x00007ff86796232e:   48 8b 01 ff 50 20 48 8b d8 eb 08 48 8b 59 18 48
0x00007ff86796233e:   83 c3 04 48 83 3d 17 98 8b 00 00 40 b7 01 74 0f
0x00007ff86796234e:   48 8b d3 48 8d 0d 80 9b 67 00 e8 13 17 f1 ff 48
0x00007ff86796235e:   8d 54 24 20 48 8b cb e8 06 a9 3d 00 85 c0 74 19
0x00007ff86796236e:   40 84 ed 74 14 48 8b d3 48 8d 0d 83 9b 67 00 e8
0x00007ff86796237e:   8e d1 ff ff 40 32 ff eb 7a 80 3e 03 75 20 48 8b
0x00007ff86796238e:   cb e8 ac 4e 3d 00 84 c0 75 69 48 8b d3 48 8d 0d
0x00007ff86796239e:   8e 9b 67 00 e8 69 d1 ff ff 40 32 ff eb 55 48 8b
0x00007ff8679623ae:   56 08 4c 8b 44 24 40 48 85 d2 74 05 49 3b d0 75
0x00007ff8679623be:   0b 48 63 44 24 34 48 39 46 10 74 37 40 32 ff 40
0x00007ff8679623ce:   38 3d da 60 8c 00 74 1c 49 3b d0 48 8d 05 70 9b
0x00007ff8679623de:   67 00 48 8d 0d 81 9b 67 00 48 0f 45 c8 e8 20 d1
0x00007ff8679623ee:   ff ff eb 0f 48 8b d3 48 8d 0d 84 9b 67 00 e8 0f
0x00007ff8679623fe:   d1 ff ff 80 3d a6 60 8c 00 00 74 10 40 84 ff 75
0x00007ff86796240e:   0b c6 05 ab d8 8d 00 01 b0 01 eb 04 40 0f b6 c7
0x00007ff86796241e:   48 8b 4c 24 50 48 33 cc e8 b5 14 5a 00 4c 8d 5c 



---------------  P R O C E S S  ---------------

Threads class SMR info:
_java_thread_list=0x00007ff8681cd048, length=0, elements={
}

Java Threads: ( => current thread )

Other Threads:
  0x000001d49c73e2f0 WorkerThread "GC Thread#0" [stack: 0x0000008582000000,0x0000008582100000] [id=4644]
  0x000001d49c7501b0 ConcurrentGCThread "G1 Main Marker" [stack: 0x0000008582100000,0x0000008582200000] [id=13852]
  0x000001d49c751d90 WorkerThread "G1 Conc#0" [stack: 0x0000008582200000,0x0000008582300000] [id=25516]
  0x000001d4b96ea400 ConcurrentGCThread "G1 Refine#0" [stack: 0x0000008582300000,0x0000008582400000] [id=9312]
  0x000001d49c78d020 ConcurrentGCThread "G1 Service" [stack: 0x0000008582400000,0x0000008582500000] [id=23952]

=>0x000001d49c6d0c40 (exited) JavaThread "Unknown thread" [_thread_in_vm, id=13128, stack(0x0000008581f00000,0x0000008582000000)]

Threads with active compile tasks:

VM state: not at safepoint (not fully initialized)

VM Mutex/Monitor currently owned by a thread: None

Heap address: 0x0000000700a00000, size: 4086 MB, Compressed Oops mode: Zero based, Oop shift amount: 3

CDS archive(s) mapped at: [0x0000000000000000-0x0000000000000000-0x0000000000000000), size 0, SharedBaseAddress: 0x0000000800000000, ArchiveRelocationMode: 0.
Narrow klass base: 0x0000000000000000, Narrow klass shift: 0, Narrow klass range: 0x0

GC Precious Log:
 CardTable entry size: 512
 Card Set container configuration: InlinePtr #cards 4 size 8 Array Of Cards #cards 16 size 48 Howl #buckets 8 coarsen threshold 3686 Howl Bitmap #cards 512 size 80 coarsen threshold 460 Card regions per heap region 1 cards per card region 4096
 CPUs: 8 total, 8 available
 Memory: 16340M
 Large Page Support: Disabled
 NUMA Support: Disabled
 Compressed Oops: Enabled (Zero based)
 Heap Region Size: 2M
 Heap Min Capacity: 8M
 Heap Initial Capacity: 256M
 Heap Max Capacity: 4086M
 Pre-touch: Disabled
 Parallel Workers: 8
 Concurrent Workers: 2
 Concurrent Refinement Workers: 8
 Periodic GC: Disabled

Heap:
 garbage-first heap   total 262144K, used 0K [0x0000000700a00000, 0x0000000800000000)
  region size 2048K, 0 young (0K), 0 survivors (0K)

[error occurred during error reporting (printing heap information), id 0xc0000005, EXCEPTION_ACCESS_VIOLATION (0xc0000005) at pc=0x00007ff867d96649]

GC Heap History (0 events):
No events

Dll operation events (2 events):
Event: 0.008 Loaded shared library C:\Program Files\Java\jdk-19\bin\java.dll
Event: 0.009 Loaded shared library C:\Program Files\Java\jdk-19\bin\zip.dll

Deoptimization events (0 events):
No events

Classes loaded (0 events):
No events

Classes unloaded (0 events):
No events

Classes redefined (0 events):
No events

Internal exceptions (0 events):
No events

VM Operations (0 events):
No events

Events (0 events):
No events


Dynamic libraries:
0x00007ff77c010000 - 0x00007ff77c020000 	C:\Program Files\Java\jdk-19\bin\java.exe
0x00007ff912e90000 - 0x00007ff913088000 	C:\WINDOWS\SYSTEM32\ntdll.dll
0x00007ff911600000 - 0x00007ff9116bf000 	C:\WINDOWS\System32\KERNEL32.DLL
0x00007ff910590000 - 0x00007ff910862000 	C:\WINDOWS\System32\KERNELBASE.dll
0x00007ff90da30000 - 0x00007ff90dac0000 	C:\WINDOWS\SYSTEM32\apphelp.dll
0x00007ff910bd0000 - 0x00007ff910cd0000 	C:\WINDOWS\System32\ucrtbase.dll
0x00007ff8cbb00000 - 0x00007ff8cbb18000 	C:\Program Files\Java\jdk-19\bin\jli.dll
0x00007ff8cbae0000 - 0x00007ff8cbafb000 	C:\Program Files\Java\jdk-19\bin\VCRUNTIME140.dll
0x00007ff912950000 - 0x00007ff9129fe000 	C:\WINDOWS\System32\ADVAPI32.dll
0x00007ff912780000 - 0x00007ff91281e000 	C:\WINDOWS\System32\msvcrt.dll
0x00007ff9126d0000 - 0x00007ff91276c000 	C:\WINDOWS\System32\sechost.dll
0x00007ff912c60000 - 0x00007ff912d84000 	C:\WINDOWS\System32\RPCRT4.dll
0x00007ff911b00000 - 0x00007ff911ca1000 	C:\WINDOWS\System32\USER32.dll
0x00007ff8f5b30000 - 0x00007ff8f5dca000 	C:\WINDOWS\WinSxS\amd64_microsoft.windows.common-controls_6595b64144ccf1df_6.0.19041.1110_none_60b5254171f9507e\COMCTL32.dll
0x00007ff910870000 - 0x00007ff910892000 	C:\WINDOWS\System32\win32u.dll
0x00007ff911520000 - 0x00007ff91154b000 	C:\WINDOWS\System32\GDI32.dll
0x00007ff910ac0000 - 0x00007ff910bcf000 	C:\WINDOWS\System32\gdi32full.dll
0x00007ff910e40000 - 0x00007ff910edd000 	C:\WINDOWS\System32\msvcp_win.dll
0x00007ff90af40000 - 0x00007ff90af4a000 	C:\WINDOWS\SYSTEM32\VERSION.dll
0x00007ff912a00000 - 0x00007ff912a30000 	C:\WINDOWS\System32\IMM32.DLL
0x00007ff8e8b20000 - 0x00007ff8e8b2c000 	C:\Program Files\Java\jdk-19\bin\vcruntime140_1.dll
0x00007ff8c3880000 - 0x00007ff8c390e000 	C:\Program Files\Java\jdk-19\bin\msvcp140.dll
0x00007ff867650000 - 0x00007ff868310000 	C:\Program Files\Java\jdk-19\bin\server\jvm.dll
0x00007ff90a960000 - 0x00007ff90a987000 	C:\WINDOWS\SYSTEM32\WINMM.dll
0x00007ff8eb100000 - 0x00007ff8eb109000 	C:\WINDOWS\SYSTEM32\WSOCK32.dll
0x00007ff911e00000 - 0x00007ff911e6b000 	C:\WINDOWS\System32\WS2_32.dll
0x00007ff90ee30000 - 0x00007ff90ee42000 	C:\WINDOWS\SYSTEM32\kernel.appcore.dll
0x00007ff8e8ac0000 - 0x00007ff8e8aca000 	C:\Program Files\Java\jdk-19\bin\jimage.dll
0x00007ff90eae0000 - 0x00007ff90ecc4000 	C:\WINDOWS\SYSTEM32\DBGHELP.DLL
0x00007ff8f1610000 - 0x00007ff8f1645000 	C:\WINDOWS\SYSTEM32\dbgcore.DLL
0x00007ff910cd0000 - 0x00007ff910d52000 	C:\WINDOWS\System32\bcryptPrimitives.dll
0x00007ff8c8c60000 - 0x00007ff8c8c86000 	C:\Program Files\Java\jdk-19\bin\java.dll
0x00007ff8c9dd0000 - 0x00007ff8c9de8000 	C:\Program Files\Java\jdk-19\bin\zip.dll

dbghelp: loaded successfully - version: 4.0.5 - missing functions: none
symbol engine: initialized successfully - sym options: 0x614 - pdb path: .;C:\Program Files\Java\jdk-19\bin;C:\WINDOWS\SYSTEM32;C:\WINDOWS\WinSxS\amd64_microsoft.windows.common-controls_6595b64144ccf1df_6.0.19041.1110_none_60b5254171f9507e;C:\Program Files\Java\jdk-19\bin\server

VM Arguments:
jvm_args: -Dorg.gradle.appname=gradle 
java_command: org.gradle.launcher.GradleMain -v
java_class_path (initial): D:\Program Files (x86)\gradle\bin\..\lib\gradle-launcher-4.10.3.jar
Launcher Type: SUN_STANDARD

[Global flags]
     intx CICompilerCount                          = 4                                         {product} {ergonomic}
     uint ConcGCThreads                            = 2                                         {product} {ergonomic}
     uint G1ConcRefinementThreads                  = 8                                         {product} {ergonomic}
   size_t G1HeapRegionSize                         = 2097152                                   {product} {ergonomic}
    uintx GCDrainStackTargetSize                   = 64                                        {product} {ergonomic}
   size_t InitialHeapSize                          = 268435456                                 {product} {ergonomic}
   size_t MarkStackSize                            = 4194304                                   {product} {ergonomic}
   size_t MaxHeapSize                              = 4284481536                                {product} {ergonomic}
   size_t MaxNewSize                               = 2569011200                                {product} {ergonomic}
   size_t MinHeapDeltaBytes                        = 2097152                                   {product} {ergonomic}
   size_t MinHeapSize                              = 8388608                                   {product} {ergonomic}
    uintx NonNMethodCodeHeapSize                   = 5839372                                {pd product} {ergonomic}
    uintx NonProfiledCodeHeapSize                  = 122909434                              {pd product} {ergonomic}
    uintx ProfiledCodeHeapSize                     = 122909434                              {pd product} {ergonomic}
    uintx ReservedCodeCacheSize                    = 251658240                              {pd product} {ergonomic}
     bool SegmentedCodeCache                       = true                                      {product} {ergonomic}
   size_t SoftMaxHeapSize                          = 4284481536                             {manageable} {ergonomic}
     bool UseCompressedClassPointers               = true                           {product lp64_product} {ergonomic}
     bool UseCompressedOops                        = true                           {product lp64_product} {ergonomic}
     bool UseG1GC                                  = true                                      {product} {ergonomic}
     bool UseLargePagesIndividualAllocation        = false                                  {pd product} {ergonomic}

Logging:
Log output configuration:
 #0: stdout all=warning uptime,level,tags foldmultilines=false
 #1: stderr all=off uptime,level,tags foldmultilines=false

Environment Variables:
JAVA_HOME=C:\Program Files\Java\jdk-19
CLASSPATH=D:\Program Files (x86)\gradle\bin\..\lib\gradle-launcher-4.10.3.jar
PATH=C:\Program Files\Common Files\Oracle\Java\javapath;C:\Program Files (x86)\Common Files\Intel\Shared Libraries\redist\intel64\compiler;D:\app\simon\product\18.0.0\dbhomeXE\bin;C:\Program Files (x86)\Common Files\Oracle\Java\javapath;C:\ProgramData\Oracle\Java\javapath;C:\Program Files (x86)\Intel\iCLS Client\;C:\Program Files\Intel\iCLS Client\;C:\Windows\system32;C:\Windows;C:\Windows\System32\Wbem;C:\Windows\System32\WindowsPowerShell\v1.0\;C:\Program Files (x86)\NVIDIA Corporation\PhysX\Common;C:\Program Files (x86)\Intel\Intel(R) Management Engine Components\DAL;C:\Program Files\Intel\Intel(R) Management Engine Components\DAL;C:\Program Files (x86)\Intel\Intel(R) Management Engine Components\IPT;C:\Program Files\Intel\Intel(R) Management Engine Components\IPT;C:\Program Files\Intel\WiFi\bin\;C:\Program Files\Common Files\Intel\WirelessCommon\;C:\WINDOWS\system32;C:\WINDOWS;C:\WINDOWS\System32\Wbem;C:\WINDOWS\System32\WindowsPowerShell\v1.0\;C:\WINDOWS\System32\OpenSSH\;C:\Program Files\NVIDIA Corporation\NVIDIA NvDLISR;D:\android\platforms;D:\android\platform-tools;D:\android;D:\Program Files (x86)\gradle\bin;C:\xampp\php;D:\Program Files\Git\cmd;C:\ProgramData\ComposerSetup\bin;C:\maven\bin;C:\Program Files (x86)\Yarn\bin\;C:\ProgramData\chocolatey\bin;C:\WINDOWS\system32;C:\WINDOWS;C:\WINDOWS\System32\Wbem;C:\WINDOWS\System32\WindowsPowerShell\v1.0\;C:\WINDOWS\System32\OpenSSH\;C:\Program Files\PuTTY\;C:\Program Files\Microsoft SQL Server\Client SDK\ODBC\130\Tools\Binn\;C:\Program Files (x86)\Microsoft SQL Server\140\Tools\Binn\;C:\Program Files\Microsoft SQL Server\140\Tools\Binn\;C:\Program Files\Microsoft SQL Server\140\DTS\Binn\;D:\Program Files (x86)\Certbot\bin;D:\Program Files\nodejs\;C:\Program Files\Calibre2\;D:\Ruby26-x64\bin;C:\Users\simon\AppData\Local\Microsoft\WindowsApps;C:\Users\simon\AppData\Local\Programs\Microsoft VS Code\bin;C:\Users\simon\AppData\Roaming\Composer\vendor\bin;C:\Users\simon\AppData\Local\Yarn\bin;C:\Users\simon\AppData\Local\Microsoft\WindowsApps;D:\Program Files\heroku\bin;C:\gstreamer-ivao\bin;C:\gstreamer-ivao\x86\bin;C:\Users\simon\AppData\Roaming\npm;
USERNAME=simon
OS=Windows_NT
PROCESSOR_IDENTIFIER=Intel64 Family 6 Model 158 Stepping 9, GenuineIntel
TMP=C:\Users\simon\AppData\Local\Temp
TEMP=C:\Users\simon\AppData\Local\Temp



---------------  S Y S T E M  ---------------

OS:
 Windows 10 , 64 bit Build 19041 (10.0.19041.2546)
OS uptime: 0 days 0:33 hours

CPU: total 8 (initial active 8) (4 cores per cpu, 2 threads per core) family 6 model 158 stepping 9 microcode 0xb4, cx8, cmov, fxsr, ht, mmx, 3dnowpref, sse, sse2, sse3, ssse3, sse4.1, sse4.2, popcnt, lzcnt, tsc, tscinvbit, avx, avx2, aes, erms, clmul, bmi1, bmi2, adx, fma, vzeroupper, clflush, clflushopt, rdtscp

Memory: 4k page, system-wide physical 16340M (6134M free)
TotalPageFile size 26580M (AvailPageFile size 11825M)
current process WorkingSet (physical memory assigned to process): 12M, peak: 12M
current process commit charge ("private bytes"): 339M, peak: 339M

vm_info: Java HotSpot(TM) 64-Bit Server VM (19.0.2+7-44) for windows-amd64 JRE (19.0.2+7-44), built on 2022-11-30T18:02:09Z by "mach5one" with MS VC++ 17.1 (VS2022)

END.
